Flow report for final_ethernet
Mon Nov 02 12:19:42 2020
Quartus Prime Version 18.1.0 Build 625 09/12/2018 SJ Lite Edition


---------------------
; Table of Contents ;
---------------------
  1. Legal Notice
  2. Flow Summary
  3. Flow Settings
  4. Flow Non-Default Global Settings
  5. Flow Elapsed Time
  6. Flow OS Summary
  7. Flow Log
  8. Flow Messages
  9. Flow Suppressed Messages



----------------
; Legal Notice ;
----------------
Copyright (C) 2018  Intel Corporation. All rights reserved.
Your use of Intel Corporation's design tools, logic functions 
and other software and tools, and its AMPP partner logic 
functions, and any output files from any of the foregoing 
(including device programming or simulation files), and any 
associated documentation or information are expressly subject 
to the terms and conditions of the Intel Program License 
Subscription Agreement, the Intel Quartus Prime License Agreement,
the Intel FPGA IP License Agreement, or other applicable license
agreement, including, without limitation, that your use is for
the sole purpose of programming logic devices manufactured by
Intel and sold by Intel or its authorized distributors.  Please
refer to the applicable agreement for further details.



+----------------------------------------------------------------------------------+
; Flow Summary                                                                     ;
+------------------------------------+---------------------------------------------+
; Flow Status                        ; Successful - Mon Nov 02 12:19:42 2020       ;
; Quartus Prime Version              ; 18.1.0 Build 625 09/12/2018 SJ Lite Edition ;
; Revision Name                      ; final_ethernet                              ;
; Top-level Entity Name              ; ethernet_0_controller                       ;
; Family                             ; Cyclone IV E                                ;
; Device                             ; EP4CE115F29C7                               ;
; Timing Models                      ; Final                                       ;
; Total logic elements               ; 1,360 / 114,480 ( 1 % )                     ;
;     Total combinational functions  ; 1,008 / 114,480 ( < 1 % )                   ;
;     Dedicated logic registers      ; 996 / 114,480 ( < 1 % )                     ;
; Total registers                    ; 996                                         ;
; Total pins                         ; 70 / 529 ( 13 % )                           ;
; Total virtual pins                 ; 0                                           ;
; Total memory bits                  ; 127,488 / 3,981,312 ( 3 % )                 ;
; Embedded Multiplier 9-bit elements ; 0 / 532 ( 0 % )                             ;
; Total PLLs                         ; 2 / 4 ( 50 % )                              ;
+------------------------------------+---------------------------------------------+


+-----------------------------------------+
; Flow Settings                           ;
+-------------------+---------------------+
; Option            ; Setting             ;
+-------------------+---------------------+
; Start date & time ; 11/02/2020 12:18:28 ;
; Main task         ; Compilation         ;
; Revision Name     ; final_ethernet      ;
+-------------------+---------------------+


+-----------------------------------------------------------------------------------------------------------------------------------------------------+
; Flow Non-Default Global Settings                                                                                                                    ;
+--------------------------------------+--------------------------------------------------+----------------+-----------------------+------------------+
; Assignment Name                      ; Value                                            ; Default Value  ; Entity Name           ; Section Id       ;
+--------------------------------------+--------------------------------------------------+----------------+-----------------------+------------------+
; COMPILER_SIGNATURE_ID                ; 53447176796980.160429970809088                   ; --             ; --                    ; --               ;
; EDA_OUTPUT_DATA_FORMAT               ; Verilog Hdl                                      ; --             ; --                    ; eda_simulation   ;
; EDA_SIMULATION_TOOL                  ; ModelSim-Altera (Verilog)                        ; <None>         ; --                    ; --               ;
; ENABLE_SIGNALTAP                     ; On                                               ; --             ; --                    ; --               ;
; FITTER_EFFORT                        ; Standard Fit                                     ; Auto Fit       ; --                    ; --               ;
; FLOW_ENABLE_RTL_VIEWER               ; On                                               ; Off            ; --                    ; --               ;
; MAX_CORE_JUNCTION_TEMP               ; 85                                               ; --             ; --                    ; --               ;
; MIN_CORE_JUNCTION_TEMP               ; 0                                                ; --             ; --                    ; --               ;
; MISC_FILE                            ; clk_200_pll_bb.v                                 ; --             ; --                    ; --               ;
; MISC_FILE                            ; clk_200_pll.ppf                                  ; --             ; --                    ; --               ;
; MISC_FILE                            ; clk_200__bb.v                                    ; --             ; --                    ; --               ;
; MISC_FILE                            ; clk_200_.ppf                                     ; --             ; --                    ; --               ;
; MISC_FILE                            ; clk400_bb.v                                      ; --             ; --                    ; --               ;
; MISC_FILE                            ; clk400.ppf                                       ; --             ; --                    ; --               ;
; MISC_FILE                            ; clock400_bb.v                                    ; --             ; --                    ; --               ;
; MISC_FILE                            ; clock400.ppf                                     ; --             ; --                    ; --               ;
; MISC_FILE                            ; c400_bb.v                                        ; --             ; --                    ; --               ;
; MISC_FILE                            ; c400.ppf                                         ; --             ; --                    ; --               ;
; MISC_FILE                            ; c300_bb.v                                        ; --             ; --                    ; --               ;
; MISC_FILE                            ; c300.ppf                                         ; --             ; --                    ; --               ;
; MUX_RESTRUCTURE                      ; Off                                              ; Auto           ; --                    ; --               ;
; NUM_PARALLEL_PROCESSORS              ; All                                              ; --             ; --                    ; --               ;
; OPTIMIZATION_MODE                    ; Aggressive Performance                           ; Balanced       ; --                    ; --               ;
; PARTITION_COLOR                      ; -- (Not supported for targeted family)           ; --             ; ethernet_0_controller ; Top              ;
; PARTITION_FITTER_PRESERVATION_LEVEL  ; -- (Not supported for targeted family)           ; --             ; ethernet_0_controller ; Top              ;
; PARTITION_NETLIST_TYPE               ; -- (Not supported for targeted family)           ; --             ; ethernet_0_controller ; Top              ;
; PHYSICAL_SYNTHESIS_COMBO_LOGIC       ; On                                               ; Off            ; --                    ; --               ;
; PHYSICAL_SYNTHESIS_REGISTER_RETIMING ; On                                               ; Off            ; --                    ; --               ;
; PLACEMENT_EFFORT_MULTIPLIER          ; 4.0                                              ; 1.0            ; --                    ; --               ;
; POWER_BOARD_THERMAL_MODEL            ; None (CONSERVATIVE)                              ; --             ; --                    ; --               ;
; POWER_PRESET_COOLING_SOLUTION        ; 23 MM HEAT SINK WITH 200 LFPM AIRFLOW            ; --             ; --                    ; --               ;
; ROUTER_TIMING_OPTIMIZATION_LEVEL     ; MAXIMUM                                          ; Normal         ; --                    ; --               ;
; SLD_FILE                             ; db/on fly_auto_stripped.stp                      ; --             ; --                    ; --               ;
; SLD_NODE_CREATOR_ID                  ; 110                                              ; --             ; --                    ; auto_signaltap_0 ;
; SLD_NODE_ENTITY_NAME                 ; sld_signaltap                                    ; --             ; --                    ; auto_signaltap_0 ;
; SLD_NODE_PARAMETER_ASSIGNMENT        ; SLD_RAM_BLOCK_TYPE=AUTO                          ; --             ; --                    ; auto_signaltap_0 ;
; SLD_NODE_PARAMETER_ASSIGNMENT        ; SLD_TRIGGER_BITS=1                               ; --             ; --                    ; auto_signaltap_0 ;
; SLD_NODE_PARAMETER_ASSIGNMENT        ; SLD_NODE_INFO=805334528                          ; --             ; --                    ; auto_signaltap_0 ;
; SLD_NODE_PARAMETER_ASSIGNMENT        ; SLD_POWER_UP_TRIGGER=0                           ; --             ; --                    ; auto_signaltap_0 ;
; SLD_NODE_PARAMETER_ASSIGNMENT        ; SLD_INVERSION_MASK=00000000000000000000000000000 ; --             ; --                    ; auto_signaltap_0 ;
; SLD_NODE_PARAMETER_ASSIGNMENT        ; SLD_INVERSION_MASK_LENGTH=29                     ; --             ; --                    ; auto_signaltap_0 ;
; SLD_NODE_PARAMETER_ASSIGNMENT        ; SLD_STORAGE_QUALIFIER_INVERSION_MASK_LENGTH=0    ; --             ; --                    ; auto_signaltap_0 ;
; SLD_NODE_PARAMETER_ASSIGNMENT        ; SLD_SEGMENT_SIZE=4096                            ; --             ; --                    ; auto_signaltap_0 ;
; SLD_NODE_PARAMETER_ASSIGNMENT        ; SLD_ATTRIBUTE_MEM_MODE=OFF                       ; --             ; --                    ; auto_signaltap_0 ;
; SLD_NODE_PARAMETER_ASSIGNMENT        ; SLD_STATE_FLOW_USE_GENERATED=0                   ; --             ; --                    ; auto_signaltap_0 ;
; SLD_NODE_PARAMETER_ASSIGNMENT        ; SLD_STATE_BITS=11                                ; --             ; --                    ; auto_signaltap_0 ;
; SLD_NODE_PARAMETER_ASSIGNMENT        ; SLD_BUFFER_FULL_STOP=1                           ; --             ; --                    ; auto_signaltap_0 ;
; SLD_NODE_PARAMETER_ASSIGNMENT        ; SLD_CURRENT_RESOURCE_WIDTH=1                     ; --             ; --                    ; auto_signaltap_0 ;
; SLD_NODE_PARAMETER_ASSIGNMENT        ; SLD_INCREMENTAL_ROUTING=1                        ; --             ; --                    ; auto_signaltap_0 ;
; SLD_NODE_PARAMETER_ASSIGNMENT        ; SLD_TRIGGER_LEVEL=1                              ; --             ; --                    ; auto_signaltap_0 ;
; SLD_NODE_PARAMETER_ASSIGNMENT        ; SLD_SAMPLE_DEPTH=4096                            ; --             ; --                    ; auto_signaltap_0 ;
; SLD_NODE_PARAMETER_ASSIGNMENT        ; SLD_TRIGGER_IN_ENABLED=0                         ; --             ; --                    ; auto_signaltap_0 ;
; SLD_NODE_PARAMETER_ASSIGNMENT        ; SLD_TRIGGER_PIPELINE=0                           ; --             ; --                    ; auto_signaltap_0 ;
; SLD_NODE_PARAMETER_ASSIGNMENT        ; SLD_RAM_PIPELINE=0                               ; --             ; --                    ; auto_signaltap_0 ;
; SLD_NODE_PARAMETER_ASSIGNMENT        ; SLD_COUNTER_PIPELINE=0                           ; --             ; --                    ; auto_signaltap_0 ;
; SLD_NODE_PARAMETER_ASSIGNMENT        ; SLD_ADVANCED_TRIGGER_ENTITY=basic,1,             ; --             ; --                    ; auto_signaltap_0 ;
; SLD_NODE_PARAMETER_ASSIGNMENT        ; SLD_TRIGGER_LEVEL_PIPELINE=1                     ; --             ; --                    ; auto_signaltap_0 ;
; SLD_NODE_PARAMETER_ASSIGNMENT        ; SLD_ENABLE_ADVANCED_TRIGGER=0                    ; --             ; --                    ; auto_signaltap_0 ;
; SLD_NODE_PARAMETER_ASSIGNMENT        ; SLD_DATA_BITS=30                                 ; --             ; --                    ; auto_signaltap_0 ;
; SLD_NODE_PARAMETER_ASSIGNMENT        ; SLD_STORAGE_QUALIFIER_BITS=30                    ; --             ; --                    ; auto_signaltap_0 ;
; SMART_RECOMPILE                      ; On                                               ; Off            ; --                    ; --               ;
; STATE_MACHINE_PROCESSING             ; One-Hot                                          ; Auto           ; --                    ; --               ;
; SYNTH_PROTECT_SDC_CONSTRAINT         ; On                                               ; Off            ; --                    ; --               ;
; TOP_LEVEL_ENTITY                     ; ethernet_0_controller                            ; final_ethernet ; --                    ; --               ;
; USE_SIGNALTAP_FILE                   ; on fly.stp                                       ; --             ; --                    ; --               ;
+--------------------------------------+--------------------------------------------------+----------------+-----------------------+------------------+


+--------------------------------------------------------------------------------------------------------------------------+
; Flow Elapsed Time                                                                                                        ;
+----------------------+--------------+-------------------------+---------------------+------------------------------------+
; Module Name          ; Elapsed Time ; Average Processors Used ; Peak Virtual Memory ; Total CPU Time (on all processors) ;
+----------------------+--------------+-------------------------+---------------------+------------------------------------+
; Analysis & Synthesis ; 00:00:33     ; 1.0                     ; 4965 MB             ; 00:00:59                           ;
; Fitter               ; 00:00:25     ; 1.0                     ; 5645 MB             ; 00:00:44                           ;
; Assembler            ; 00:00:04     ; 1.0                     ; 4699 MB             ; 00:00:04                           ;
; Timing Analyzer      ; 00:00:02     ; 1.1                     ; 4855 MB             ; 00:00:03                           ;
; EDA Netlist Writer   ; 00:00:04     ; 1.0                     ; 4683 MB             ; 00:00:04                           ;
; Total                ; 00:01:08     ; --                      ; --                  ; 00:01:54                           ;
+----------------------+--------------+-------------------------+---------------------+------------------------------------+


+------------------------------------------------------------------------------------+
; Flow OS Summary                                                                    ;
+----------------------+------------------+------------+------------+----------------+
; Module Name          ; Machine Hostname ; OS Name    ; OS Version ; Processor type ;
+----------------------+------------------+------------+------------+----------------+
; Analysis & Synthesis ; DESKTOP-9D10M4K  ; Windows 10 ; 10.0       ; x86_64         ;
; Fitter               ; DESKTOP-9D10M4K  ; Windows 10 ; 10.0       ; x86_64         ;
; Assembler            ; DESKTOP-9D10M4K  ; Windows 10 ; 10.0       ; x86_64         ;
; Timing Analyzer      ; DESKTOP-9D10M4K  ; Windows 10 ; 10.0       ; x86_64         ;
; EDA Netlist Writer   ; DESKTOP-9D10M4K  ; Windows 10 ; 10.0       ; x86_64         ;
+----------------------+------------------+------------+------------+----------------+


------------
; Flow Log ;
------------
quartus_map --read_settings_files=on --write_settings_files=off final_ethernet -c final_ethernet
quartus_fit --read_settings_files=off --write_settings_files=off final_ethernet -c final_ethernet
quartus_asm --read_settings_files=off --write_settings_files=off final_ethernet -c final_ethernet
quartus_sta final_ethernet -c final_ethernet
quartus_eda --read_settings_files=off --write_settings_files=off final_ethernet -c final_ethernet



